<?xml version="1.0" encoding="UTF-8"?>
<testsuite name="Autenticacion en la pagina de OrchidPOS" tests="1" skipped="0" failures="0" errors="0" timestamp="2025-06-03T21:47:01" hostname="DESKTOP-D0SU7PU" time="20.218">
  <properties/>
  <testcase name="Verificar la autenticacion exitosa en la pagina de OrchidPOS" classname="Autenticacion en la pagina de OrchidPOS" time="20.218"/>
  <system-out><![CDATA[    ?[32mDado ?[0m?[32mque el usuario se encuentra en la pagina de inicio de sesion de OrchidPOS?[0m                                                ?[90m# AutenticacionStepDefinitions.queElUsuarioSeEncuentraEnLaPaginaDeInicioDeSesionDeOrchidPOS()?[0m
    ?[32mCuando ?[0m?[32mingrese las credenciales correctas (usuario y contrasena)?[0m                                                              ?[90m# AutenticacionStepDefinitions.ingreseLasCredencialesCorrectasUsuarioYContrasena(CredencialesInicioSesion>)?[0m
    ?[32mEntonces ?[0m?[32mse debe verificar que el usuario haya sido autenticado correctamente y redirigido a su pagina de inicio de OrchidPOS?[0m ?[90m# AutenticacionStepDefinitions.seDebeVerificarQueElUsuarioHayaSidoAutenticadoCorrectamenteYRedirigidoASuPaginaDeInicioDeOrchidPOS()?[0m
]]></system-out>
  <system-err><![CDATA[jun. 03, 2025 4:47:01 P. M. org.openqa.selenium.remote.DesiredCapabilities chrome
INFORMACIÓN: Using `new ChromeOptions()` is preferred to `DesiredCapabilities.chrome()`
[Test worker] INFO net.serenitybdd.core.webdriver.driverproviders.ProvideNewDriver - Instantiating driver
[Test worker] INFO net.serenitybdd.core.webdriver.driverproviders.ProvideNewDriver - Driver capabilities: Capabilities {acceptInsecureCerts: false, browserName: chrome, goog:chromeOptions: {args: [], extensions: [], prefs: {behavior: allow}}, loggingPrefs: org.openqa.selenium.logging..., name: proyecto, platform: ANY, unhandledPromptBehavior: ignore, version: }
Starting ChromeDriver 137.0.7151.68 (2989ffee9373ea8b8623bd98b3cb350a8e95cadc-refs/branch-heads/7151@{#1873}) on port 9790
Only local connections are allowed.
Please see https://chromedriver.chromium.org/security-considerations for suggestions on keeping ChromeDriver safe.
ChromeDriver was started successfully on port 9790.
jun. 03, 2025 4:47:04 P. M. org.openqa.selenium.remote.ProtocolHandshake createSession
INFORMACIÓN: Detected dialect: W3C
[Test worker] INFO net.thucydides.core.steps.ConsoleLoggingListener - 
        __    _____ _____ ____ _____   ____   _    ____  ____  _____ ____  
  _     \ \  |_   _| ____/ ___|_   _| |  _ \ / \  / ___|/ ___|| ____|  _ \ 
 (_)_____| |   | | |  _| \___ \ | |   | |_) / _ \ \___ \\___ \|  _| | | | |
  _|_____| |   | | | |___ ___) || |   |  __/ ___ \ ___) |___) | |___| |_| |
 (_)     | |   |_| |_____|____/ |_|   |_| /_/   \_\____/|____/|_____|____/ 
        /_/                                                                

TEST PASSED: Verificar la autenticacion exitosa en la pagina de OrchidPOS
----------------------------------------------------------------------------
]]></system-err>
</testsuite>
